[I 2024-08-18 17:36:23.775 ServerApp] Package notebook took 0.0000s to import
[I 2024-08-18 17:36:24.186 ServerApp] Package aext_assistant took 0.4106s to import
[I 2024-08-18 17:36:24.189 ServerApp] Package aext_core took 0.0034s to import
[I 2024-08-18 17:36:24.207 ServerApp] ****************** ENVIRONMENT Environment.PRODUCTION ******************
[I 2024-08-18 17:36:24.209 ServerApp] ****************** ENVIRONMENT Environment.PRODUCTION ******************
[I 2024-08-18 17:36:24.212 ServerApp] Package aext_panels took 0.0223s to import
[I 2024-08-18 17:36:24.215 ServerApp] Package aext_share_notebook took 0.0031s to import
[I 2024-08-18 17:36:24.244 ServerApp] Package jupyter_lsp took 0.0285s to import
[W 2024-08-18 17:36:24.244 ServerApp] A `_jupyter_server_extension_points` function was not found in jupyter_lsp. Instead, a `_jupyter_server_extension_paths` function was found and will be used for now. This function name will be deprecated in future releases of Jupyter Server.
[I 2024-08-18 17:36:24.257 ServerApp] Package jupyter_server_terminals took 0.0124s to import
[I 2024-08-18 17:36:24.257 ServerApp] Package jupyterlab took 0.0000s to import
[I 2024-08-18 17:36:24.452 ServerApp] Package notebook_shim took 0.0000s to import
[W 2024-08-18 17:36:24.452 ServerApp] A `_jupyter_server_extension_points` function was not found in notebook_shim. Instead, a `_jupyter_server_extension_paths` function was found and will be used for now. This function name will be deprecated in future releases of Jupyter Server.
[I 2024-08-18 17:36:25.864 ServerApp] Package panel.io.jupyter_server_extension took 1.4101s to import
[I 2024-08-18 17:36:25.864 ServerApp] aext_assistant | extension was successfully linked.
[I 2024-08-18 17:36:25.864 ServerApp] aext_core | extension was successfully linked.
[I 2024-08-18 17:36:25.864 ServerApp] aext_panels | extension was successfully linked.
[I 2024-08-18 17:36:25.864 ServerApp] aext_share_notebook | extension was successfully linked.
[I 2024-08-18 17:36:25.865 ServerApp] jupyter_lsp | extension was successfully linked.
[I 2024-08-18 17:36:25.873 ServerApp] jupyter_server_terminals | extension was successfully linked.
[I 2024-08-18 17:36:25.879 ServerApp] jupyterlab | extension was successfully linked.
[I 2024-08-18 17:36:25.883 ServerApp] notebook | extension was successfully linked.
[I 2024-08-18 17:36:26.380 ServerApp] notebook_shim | extension was successfully linked.
[I 2024-08-18 17:36:26.380 ServerApp] panel.io.jupyter_server_extension | extension was successfully linked.
[I 2024-08-18 17:36:26.512 ServerApp] notebook_shim | extension was successfully loaded.
[I 2024-08-18 17:36:26.513 ServerApp] Registered aext_assistant server extension
[I 2024-08-18 17:36:26.513 ServerApp] aext_assistant | extension was successfully loaded.
[I 2024-08-18 17:36:26.513 ServerApp] Registered aext_core server extension
[I 2024-08-18 17:36:26.513 ServerApp] aext_core | extension was successfully loaded.
[I 2024-08-18 17:36:26.515 ServerApp] Registered aext_panels server extension
[I 2024-08-18 17:36:26.516 ServerApp] aext_panels | extension was successfully loaded.
[I 2024-08-18 17:36:26.516 ServerApp] Registered aext_share_notebook_server server extension
[I 2024-08-18 17:36:26.516 ServerApp] aext_share_notebook | extension was successfully loaded.
[I 2024-08-18 17:36:26.521 ServerApp] jupyter_lsp | extension was successfully loaded.
[I 2024-08-18 17:36:26.523 ServerApp] jupyter_server_terminals | extension was successfully loaded.
[I 2024-08-18 17:36:26.532 LabApp] JupyterLab extension loaded from /opt/anaconda3/lib/python3.11/site-packages/jupyterlab
[I 2024-08-18 17:36:26.532 LabApp] JupyterLab application directory is /opt/anaconda3/share/jupyter/lab
[I 2024-08-18 17:36:26.533 LabApp] Extension Manager is 'pypi'.
[I 2024-08-18 17:36:26.539 ServerApp] jupyterlab | extension was successfully loaded.
[I 2024-08-18 17:36:26.545 ServerApp] notebook | extension was successfully loaded.
[I 2024-08-18 17:36:26.546 ServerApp] panel.io.jupyter_server_extension | extension was successfully loaded.
[I 2024-08-18 17:36:26.547 ServerApp] The port 8888 is already in use, trying another port.
[I 2024-08-18 17:36:26.547 ServerApp] The port 8889 is already in use, trying another port.
[I 2024-08-18 17:36:26.550 ServerApp] Serving notebooks from local directory: /Users/baruchgottesman/AIClass/CryptoClustering
[I 2024-08-18 17:36:26.550 ServerApp] Jupyter Server 2.10.0 is running at:
[I 2024-08-18 17:36:26.550 ServerApp] http://localhost:8890/tree?token=cc91d36e05742b83fa5eb71a4cc0c3d8b021802b8a926a19
[I 2024-08-18 17:36:26.550 ServerApp]     http://127.0.0.1:8890/tree?token=cc91d36e05742b83fa5eb71a4cc0c3d8b021802b8a926a19
[I 2024-08-18 17:36:26.550 ServerApp] Use Control-C to stop this server and shut down all kernels (twice to skip confirmation).
[C 2024-08-18 17:36:26.563 ServerApp] 
    
    To access the server, open this file in a browser:
        file:///Users/baruchgottesman/Library/Jupyter/runtime/jpserver-89530-open.html
    Or copy and paste one of these URLs:
        http://localhost:8890/tree?token=cc91d36e05742b83fa5eb71a4cc0c3d8b021802b8a926a19
        http://127.0.0.1:8890/tree?token=cc91d36e05742b83fa5eb71a4cc0c3d8b021802b8a926a19
[I 2024-08-18 17:36:26.667 ServerApp] Skipped non-installed server(s): bash-language-server, dockerfile-language-server-nodejs, javascript-typescript-langserver, jedi-language-server, julia-language-server, pyright, python-language-server, r-languageserver, sql-language-server, texlab, typescript-language-server, unified-language-server, vscode-css-languageserver-bin, vscode-html-languageserver-bin, vscode-json-languageserver-bin, yaml-language-server
0.00s - Debugger warning: It seems that frozen modules are being used, which may
0.00s - make the debugger miss breakpoints. Please pass -Xfrozen_modules=off
0.00s - to python to disable frozen modules.
0.00s - Note: Debugging will proceed. Set PYDEVD_DISABLE_FILE_VALIDATION=1 to disable this validation.
[W 2024-08-18 17:36:35.524 ServerApp] Notebook Crypto_Clustering.ipynb is not trusted
[W 2024-08-18 17:36:37.887 ServerApp] Notebook Crypto_Clustering.ipynb is not trusted
[I 2024-08-18 17:36:39.030 ServerApp] Kernel started: 2d9b7b60-f072-46b0-a3b7-0606b3354133
0.00s - Debugger warning: It seems that frozen modules are being used, which may
0.00s - make the debugger miss breakpoints. Please pass -Xfrozen_modules=off
0.00s - to python to disable frozen modules.
0.00s - Note: Debugging will proceed. Set PYDEVD_DISABLE_FILE_VALIDATION=1 to disable this validation.
[I 2024-08-18 17:36:40.617 ServerApp] Connecting to kernel 2d9b7b60-f072-46b0-a3b7-0606b3354133.
[I 2024-08-18 17:38:37.992 ServerApp] Saving file at /Crypto_Clustering.ipynb
[W 2024-08-18 17:38:37.993 ServerApp] Notebook Crypto_Clustering.ipynb is not trusted
[I 2024-08-18 17:40:38.017 ServerApp] Saving file at /Crypto_Clustering.ipynb
[W 2024-08-18 17:40:38.018 ServerApp] Notebook Crypto_Clustering.ipynb is not trusted
[I 2024-08-18 17:42:38.044 ServerApp] Saving file at /Crypto_Clustering.ipynb
[W 2024-08-18 17:42:38.044 ServerApp] Notebook Crypto_Clustering.ipynb is not trusted
[I 2024-08-18 17:46:38.103 ServerApp] Saving file at /Crypto_Clustering.ipynb
[W 2024-08-18 17:46:38.104 ServerApp] Notebook Crypto_Clustering.ipynb is not trusted
[I 2024-08-18 17:47:03.646 ServerApp] Saving file at /Crypto_Clustering.ipynb
[W 2024-08-18 17:47:03.646 ServerApp] Notebook Crypto_Clustering.ipynb is not trusted
[I 2024-08-18 17:49:03.707 ServerApp] Saving file at /Crypto_Clustering.ipynb
[W 2024-08-18 17:49:03.708 ServerApp] Notebook Crypto_Clustering.ipynb is not trusted
[I 2024-08-18 17:53:03.782 ServerApp] Saving file at /Crypto_Clustering.ipynb
[W 2024-08-18 17:53:03.784 ServerApp] Notebook Crypto_Clustering.ipynb is not trusted
[I 2024-08-18 17:55:04.236 ServerApp] Saving file at /Crypto_Clustering.ipynb
[W 2024-08-18 17:55:04.237 ServerApp] Notebook Crypto_Clustering.ipynb is not trusted
[I 2024-08-18 17:55:30.470 ServerApp] Saving file at /Crypto_Clustering.ipynb
[W 2024-08-18 17:55:30.471 ServerApp] Notebook Crypto_Clustering.ipynb is not trusted
[I 2024-08-18 17:55:38.105 ServerApp] Starting buffering for 2d9b7b60-f072-46b0-a3b7-0606b3354133:778376d3-6b74-440c-86a8-55cdf2024e03
[I 2024-08-18 17:57:26.361 ServerApp] Package notebook took 0.0000s to import
[I 2024-08-18 17:57:26.691 ServerApp] Package aext_assistant took 0.3284s to import
[I 2024-08-18 17:57:26.694 ServerApp] Package aext_core took 0.0029s to import
[I 2024-08-18 17:57:26.711 ServerApp] ****************** ENVIRONMENT Environment.PRODUCTION ******************
[I 2024-08-18 17:57:26.713 ServerApp] ****************** ENVIRONMENT Environment.PRODUCTION ******************
[I 2024-08-18 17:57:26.716 ServerApp] Package aext_panels took 0.0215s to import
[I 2024-08-18 17:57:26.718 ServerApp] Package aext_share_notebook took 0.0022s to import
[I 2024-08-18 17:57:26.740 ServerApp] Package jupyter_lsp took 0.0213s to import
[W 2024-08-18 17:57:26.740 ServerApp] A `_jupyter_server_extension_points` function was not found in jupyter_lsp. Instead, a `_jupyter_server_extension_paths` function was found and will be used for now. This function name will be deprecated in future releases of Jupyter Server.
[I 2024-08-18 17:57:26.748 ServerApp] Package jupyter_server_terminals took 0.0075s to import
[I 2024-08-18 17:57:26.748 ServerApp] Package jupyterlab took 0.0000s to import
[I 2024-08-18 17:57:26.834 ServerApp] Package notebook_shim took 0.0000s to import
[W 2024-08-18 17:57:26.834 ServerApp] A `_jupyter_server_extension_points` function was not found in notebook_shim. Instead, a `_jupyter_server_extension_paths` function was found and will be used for now. This function name will be deprecated in future releases of Jupyter Server.
[I 2024-08-18 17:57:28.077 ServerApp] Package panel.io.jupyter_server_extension took 1.2403s to import
[I 2024-08-18 17:57:28.077 ServerApp] aext_assistant | extension was successfully linked.
[I 2024-08-18 17:57:28.077 ServerApp] aext_core | extension was successfully linked.
[I 2024-08-18 17:57:28.077 ServerApp] aext_panels | extension was successfully linked.
[I 2024-08-18 17:57:28.078 ServerApp] aext_share_notebook | extension was successfully linked.
[I 2024-08-18 17:57:28.078 ServerApp] jupyter_lsp | extension was successfully linked.
[I 2024-08-18 17:57:28.081 ServerApp] jupyter_server_terminals | extension was successfully linked.
[I 2024-08-18 17:57:28.086 ServerApp] jupyterlab | extension was successfully linked.
[I 2024-08-18 17:57:28.089 ServerApp] notebook | extension was successfully linked.
[I 2024-08-18 17:57:28.624 ServerApp] notebook_shim | extension was successfully linked.
[I 2024-08-18 17:57:28.624 ServerApp] panel.io.jupyter_server_extension | extension was successfully linked.
[I 2024-08-18 17:57:28.668 ServerApp] notebook_shim | extension was successfully loaded.
[I 2024-08-18 17:57:28.669 ServerApp] Registered aext_assistant server extension
[I 2024-08-18 17:57:28.669 ServerApp] aext_assistant | extension was successfully loaded.
[I 2024-08-18 17:57:28.669 ServerApp] Registered aext_core server extension
[I 2024-08-18 17:57:28.669 ServerApp] aext_core | extension was successfully loaded.
[I 2024-08-18 17:57:28.670 ServerApp] Registered aext_panels server extension
[I 2024-08-18 17:57:28.670 ServerApp] aext_panels | extension was successfully loaded.
[I 2024-08-18 17:57:28.671 ServerApp] Registered aext_share_notebook_server server extension
[I 2024-08-18 17:57:28.671 ServerApp] aext_share_notebook | extension was successfully loaded.
[I 2024-08-18 17:57:28.673 ServerApp] jupyter_lsp | extension was successfully loaded.
[I 2024-08-18 17:57:28.675 ServerApp] jupyter_server_terminals | extension was successfully loaded.
[I 2024-08-18 17:57:28.678 LabApp] JupyterLab extension loaded from /opt/anaconda3/lib/python3.11/site-packages/jupyterlab
[I 2024-08-18 17:57:28.678 LabApp] JupyterLab application directory is /opt/anaconda3/share/jupyter/lab
[I 2024-08-18 17:57:28.679 LabApp] Extension Manager is 'pypi'.
[I 2024-08-18 17:57:28.682 ServerApp] jupyterlab | extension was successfully loaded.
[I 2024-08-18 17:57:28.686 ServerApp] notebook | extension was successfully loaded.
[I 2024-08-18 17:57:28.687 ServerApp] panel.io.jupyter_server_extension | extension was successfully loaded.
[I 2024-08-18 17:57:28.688 ServerApp] The port 8888 is already in use, trying another port.
[I 2024-08-18 17:57:28.688 ServerApp] The port 8889 is already in use, trying another port.
[I 2024-08-18 17:57:28.688 ServerApp] The port 8890 is already in use, trying another port.
[I 2024-08-18 17:57:28.689 ServerApp] The port 8891 is already in use, trying another port.
[I 2024-08-18 17:57:28.689 ServerApp] Serving notebooks from local directory: /Users/baruchgottesman/AIClass/CryptoClustering
[I 2024-08-18 17:57:28.689 ServerApp] Jupyter Server 2.10.0 is running at:
[I 2024-08-18 17:57:28.690 ServerApp] http://localhost:8892/tree?token=de2938e869bafb840f8031871f4a5cc5e796b4ba26b01eb4
[I 2024-08-18 17:57:28.690 ServerApp]     http://127.0.0.1:8892/tree?token=de2938e869bafb840f8031871f4a5cc5e796b4ba26b01eb4
[I 2024-08-18 17:57:28.690 ServerApp] Use Control-C to stop this server and shut down all kernels (twice to skip confirmation).
[C 2024-08-18 17:57:28.698 ServerApp] 
    
    To access the server, open this file in a browser:
        file:///Users/baruchgottesman/Library/Jupyter/runtime/jpserver-90225-open.html
    Or copy and paste one of these URLs:
        http://localhost:8892/tree?token=de2938e869bafb840f8031871f4a5cc5e796b4ba26b01eb4
        http://127.0.0.1:8892/tree?token=de2938e869bafb840f8031871f4a5cc5e796b4ba26b01eb4
[I 2024-08-18 17:57:28.755 ServerApp] Skipped non-installed server(s): bash-language-server, dockerfile-language-server-nodejs, javascript-typescript-langserver, jedi-language-server, julia-language-server, pyright, python-language-server, r-languageserver, sql-language-server, texlab, typescript-language-server, unified-language-server, vscode-css-languageserver-bin, vscode-html-languageserver-bin, vscode-json-languageserver-bin, yaml-language-server
0.00s - Debugger warning: It seems that frozen modules are being used, which may
0.00s - make the debugger miss breakpoints. Please pass -Xfrozen_modules=off
0.00s - to python to disable frozen modules.
0.00s - Note: Debugging will proceed. Set PYDEVD_DISABLE_FILE_VALIDATION=1 to disable this validation.
[W 2024-08-18 17:57:36.784 ServerApp] Notebook Crypto_Clustering.ipynb is not trusted
[W 2024-08-18 17:57:39.384 ServerApp] Notebook Crypto_Clustering.ipynb is not trusted
[I 2024-08-18 17:57:40.272 ServerApp] Kernel started: a8fb5d9d-83ea-42fc-ba53-22ef9a91eb0e
0.00s - Debugger warning: It seems that frozen modules are being used, which may
0.00s - make the debugger miss breakpoints. Please pass -Xfrozen_modules=off
0.00s - to python to disable frozen modules.
0.00s - Note: Debugging will proceed. Set PYDEVD_DISABLE_FILE_VALIDATION=1 to disable this validation.
[I 2024-08-18 17:57:41.757 ServerApp] Connecting to kernel a8fb5d9d-83ea-42fc-ba53-22ef9a91eb0e.
[I 2024-08-18 17:59:39.657 ServerApp] Saving file at /Crypto_Clustering.ipynb
[W 2024-08-18 17:59:39.657 ServerApp] Notebook Crypto_Clustering.ipynb is not trusted
[I 2024-08-18 18:01:39.707 ServerApp] Saving file at /Crypto_Clustering.ipynb
[W 2024-08-18 18:01:39.708 ServerApp] Notebook Crypto_Clustering.ipynb is not trusted
[I 2024-08-18 18:03:39.740 ServerApp] Saving file at /Crypto_Clustering.ipynb
[W 2024-08-18 18:03:39.741 ServerApp] Notebook Crypto_Clustering.ipynb is not trusted
[I 2024-08-18 18:05:39.780 ServerApp] Saving file at /Crypto_Clustering.ipynb
[W 2024-08-18 18:05:39.780 ServerApp] Notebook Crypto_Clustering.ipynb is not trusted
[I 2024-08-18 18:07:39.813 ServerApp] Saving file at /Crypto_Clustering.ipynb
[W 2024-08-18 18:07:39.813 ServerApp] Notebook Crypto_Clustering.ipynb is not trusted
[I 2024-08-18 18:09:39.838 ServerApp] Saving file at /Crypto_Clustering.ipynb
[W 2024-08-18 18:09:39.838 ServerApp] Notebook Crypto_Clustering.ipynb is not trusted
[I 2024-08-18 18:11:39.863 ServerApp] Saving file at /Crypto_Clustering.ipynb
[W 2024-08-18 18:11:39.864 ServerApp] Notebook Crypto_Clustering.ipynb is not trusted
[I 2024-08-18 18:12:11.377 ServerApp] Saving file at /Crypto_Clustering.ipynb
[W 2024-08-18 18:12:11.378 ServerApp] Notebook Crypto_Clustering.ipynb is not trusted
[I 2024-08-18 18:14:11.449 ServerApp] Saving file at /Crypto_Clustering.ipynb
[W 2024-08-18 18:14:11.450 ServerApp] Notebook Crypto_Clustering.ipynb is not trusted
[I 2024-08-18 18:16:11.480 ServerApp] Saving file at /Crypto_Clustering.ipynb
[W 2024-08-18 18:16:11.481 ServerApp] Notebook Crypto_Clustering.ipynb is not trusted
[I 2024-08-18 18:18:11.531 ServerApp] Saving file at /Crypto_Clustering.ipynb
[W 2024-08-18 18:18:11.532 ServerApp] Notebook Crypto_Clustering.ipynb is not trusted
[I 2024-08-18 18:22:32.860 ServerApp] Saving file at /Crypto_Clustering.ipynb
[W 2024-08-18 18:22:32.861 ServerApp] Notebook Crypto_Clustering.ipynb is not trusted
[I 2024-08-18 18:24:32.890 ServerApp] Saving file at /Crypto_Clustering.ipynb
[W 2024-08-18 18:24:32.891 ServerApp] Notebook Crypto_Clustering.ipynb is not trusted
[I 2024-08-18 18:24:46.143 ServerApp] Saving file at /Crypto_Clustering.ipynb
[W 2024-08-18 18:24:46.143 ServerApp] Notebook Crypto_Clustering.ipynb is not trusted
[I 2024-08-18 18:24:49.166 ServerApp] Saving file at /Crypto_Clustering.ipynb
[W 2024-08-18 18:24:49.167 ServerApp] Notebook Crypto_Clustering.ipynb is not trusted
[I 2024-08-18 18:26:49.249 ServerApp] Saving file at /Crypto_Clustering.ipynb
[W 2024-08-18 18:26:49.249 ServerApp] Notebook Crypto_Clustering.ipynb is not trusted
[I 2024-08-18 18:28:49.408 ServerApp] Saving file at /Crypto_Clustering.ipynb
[W 2024-08-18 18:28:49.409 ServerApp] Notebook Crypto_Clustering.ipynb is not trusted
[I 2024-08-18 18:30:46.568 ServerApp] Saving file at /Crypto_Clustering.ipynb
[W 2024-08-18 18:30:46.569 ServerApp] Notebook Crypto_Clustering.ipynb is not trusted
[I 2024-08-18 18:32:46.595 ServerApp] Saving file at /Crypto_Clustering.ipynb
[W 2024-08-18 18:32:46.596 ServerApp] Notebook Crypto_Clustering.ipynb is not trusted
[I 2024-08-18 18:34:47.314 ServerApp] Saving file at /Crypto_Clustering.ipynb
[W 2024-08-18 18:34:47.315 ServerApp] Notebook Crypto_Clustering.ipynb is not trusted
[I 2024-08-18 18:38:48.321 ServerApp] Saving file at /Crypto_Clustering.ipynb
[W 2024-08-18 18:38:48.322 ServerApp] Notebook Crypto_Clustering.ipynb is not trusted
[I 2024-08-18 18:40:48.349 ServerApp] Saving file at /Crypto_Clustering.ipynb
[W 2024-08-18 18:40:48.350 ServerApp] Notebook Crypto_Clustering.ipynb is not trusted
[I 2024-08-18 18:42:48.378 ServerApp] Saving file at /Crypto_Clustering.ipynb
[W 2024-08-18 18:42:48.378 ServerApp] Notebook Crypto_Clustering.ipynb is not trusted
[I 2024-08-18 18:44:48.405 ServerApp] Saving file at /Crypto_Clustering.ipynb
[W 2024-08-18 18:44:48.405 ServerApp] Notebook Crypto_Clustering.ipynb is not trusted
[I 2024-08-18 18:46:48.434 ServerApp] Saving file at /Crypto_Clustering.ipynb
[W 2024-08-18 18:46:48.435 ServerApp] Notebook Crypto_Clustering.ipynb is not trusted
[I 2024-08-18 18:48:48.465 ServerApp] Saving file at /Crypto_Clustering.ipynb
[W 2024-08-18 18:48:48.465 ServerApp] Notebook Crypto_Clustering.ipynb is not trusted
[I 2024-08-18 18:50:48.492 ServerApp] Saving file at /Crypto_Clustering.ipynb
[W 2024-08-18 18:50:48.493 ServerApp] Notebook Crypto_Clustering.ipynb is not trusted
[I 2024-08-18 18:52:48.518 ServerApp] Saving file at /Crypto_Clustering.ipynb
[W 2024-08-18 18:52:48.518 ServerApp] Notebook Crypto_Clustering.ipynb is not trusted
[I 2024-08-18 18:54:48.547 ServerApp] Saving file at /Crypto_Clustering.ipynb
[W 2024-08-18 18:54:48.548 ServerApp] Notebook Crypto_Clustering.ipynb is not trusted
[I 2024-08-18 19:05:34.097 ServerApp] Starting buffering for a8fb5d9d-83ea-42fc-ba53-22ef9a91eb0e:71f59404-0e57-4294-9db2-2d34c83fecb1
[I 2024-08-18 19:05:34.344 ServerApp] Connecting to kernel a8fb5d9d-83ea-42fc-ba53-22ef9a91eb0e.
[I 2024-08-18 19:05:34.344 ServerApp] Restoring connection for a8fb5d9d-83ea-42fc-ba53-22ef9a91eb0e:71f59404-0e57-4294-9db2-2d34c83fecb1
[I 2024-08-18 19:34:07.490 ServerApp] Saving file at /Crypto_Clustering.ipynb
[W 2024-08-18 19:34:07.492 ServerApp] Notebook Crypto_Clustering.ipynb is not trusted
[I 2024-08-18 19:36:07.531 ServerApp] Saving file at /Crypto_Clustering.ipynb
[W 2024-08-18 19:36:07.532 ServerApp] Notebook Crypto_Clustering.ipynb is not trusted
[I 2024-08-18 19:40:07.571 ServerApp] Saving file at /Crypto_Clustering.ipynb
[W 2024-08-18 19:40:07.572 ServerApp] Notebook Crypto_Clustering.ipynb is not trusted
[I 2024-08-18 19:42:07.616 ServerApp] Saving file at /Crypto_Clustering.ipynb
[W 2024-08-18 19:42:07.617 ServerApp] Notebook Crypto_Clustering.ipynb is not trusted
[I 2024-08-18 19:44:06.420 ServerApp] Saving file at /Crypto_Clustering.ipynb
[I 2024-08-18 19:44:11.048 ServerApp] Kernel restarted: a8fb5d9d-83ea-42fc-ba53-22ef9a91eb0e
[I 2024-08-18 19:44:11.053 ServerApp] Starting buffering for a8fb5d9d-83ea-42fc-ba53-22ef9a91eb0e:71f59404-0e57-4294-9db2-2d34c83fecb1
[I 2024-08-18 19:44:11.057 ServerApp] Connecting to kernel a8fb5d9d-83ea-42fc-ba53-22ef9a91eb0e.
[I 2024-08-18 19:44:11.057 ServerApp] Restoring connection for a8fb5d9d-83ea-42fc-ba53-22ef9a91eb0e:71f59404-0e57-4294-9db2-2d34c83fecb1
0.00s - Debugger warning: It seems that frozen modules are being used, which may
0.00s - make the debugger miss breakpoints. Please pass -Xfrozen_modules=off
0.00s - to python to disable frozen modules.
0.00s - Note: Debugging will proceed. Set PYDEVD_DISABLE_FILE_VALIDATION=1 to disable this validation.
[I 2024-08-18 19:46:06.521 ServerApp] Saving file at /Crypto_Clustering.ipynb
[I 2024-08-18 19:48:06.559 ServerApp] Saving file at /Crypto_Clustering.ipynb
[I 2024-08-18 19:52:06.606 ServerApp] Saving file at /Crypto_Clustering.ipynb
[I 2024-08-18 19:54:06.647 ServerApp] Saving file at /Crypto_Clustering.ipynb
[I 2024-08-18 19:56:06.685 ServerApp] Saving file at /Crypto_Clustering.ipynb
[I 2024-08-18 19:58:06.729 ServerApp] Saving file at /Crypto_Clustering.ipynb
[I 2024-08-18 20:00:42.830 ServerApp] Saving file at /Crypto_Clustering.ipynb
[I 2024-08-18 20:02:42.928 ServerApp] Saving file at /Crypto_Clustering.ipynb
[I 2024-08-18 20:04:43.177 ServerApp] Saving file at /Crypto_Clustering.ipynb
[I 2024-08-18 20:06:43.215 ServerApp] Saving file at /Crypto_Clustering.ipynb
[I 2024-08-18 20:10:43.253 ServerApp] Saving file at /Crypto_Clustering.ipynb
[I 2024-08-18 20:11:07.174 ServerApp] Saving file at /Crypto_Clustering.ipynb
